c:\users\pauls\desktop\gamedev\gamelib2\debug\gamelib2.pdb
c:\users\pauls\desktop\gamedev\gamelib2\debug\timer.obj
c:\users\pauls\desktop\gamedev\gamelib2\debug\grid.obj
c:\users\pauls\desktop\gamedev\gamelib2\debug\files.obj
c:\users\pauls\desktop\gamedev\gamelib2\debug\file.obj
c:\users\pauls\desktop\gamedev\gamelib2\debug\state_machine.obj
c:\users\pauls\desktop\gamedev\gamelib2\debug\state.obj
c:\users\pauls\desktop\gamedev\gamelib2\debug\collisions.obj
c:\users\pauls\desktop\gamedev\gamelib2\debug\vector.obj
c:\users\pauls\desktop\gamedev\gamelib2\debug\xbox_gamepad.obj
c:\users\pauls\desktop\gamedev\gamelib2\debug\keyboard.obj
c:\users\pauls\desktop\gamedev\gamelib2\debug\device.obj
c:\users\pauls\desktop\gamedev\gamelib2\debug\primitives.obj
c:\users\pauls\desktop\gamedev\gamelib2\debug\autotexture.obj
c:\users\pauls\desktop\gamedev\gamelib2\debug\game.obj
c:\users\pauls\desktop\gamedev\gamelib2\debug\entity.obj
c:\users\pauls\desktop\gamedev\gamelib2\debug\framerate.obj
c:\users\pauls\desktop\gamedev\gamelib2\debug\engine.obj
c:\users\pauls\desktop\gamedev\gamelib2\debug\diagnostic.obj
c:\users\pauls\desktop\gamedev\gamelib2\debug\compass.obj
c:\users\pauls\desktop\gamedev\gamelib2\debug\camera.obj
c:\users\pauls\desktop\gamedev\gamelib2\debug\widget.obj
c:\users\pauls\desktop\gamedev\gamelib2\debug\tiledscrollingbackground.obj
c:\users\pauls\desktop\gamedev\gamelib2\debug\spriteanimation.obj
c:\users\pauls\desktop\gamedev\gamelib2\debug\sprite.obj
c:\users\pauls\desktop\gamedev\gamelib2\debug\label.obj
c:\users\pauls\desktop\gamedev\gamelib2\debug\viewer.obj
c:\users\pauls\desktop\gamedev\gamelib2\debug\tree.obj
c:\users\pauls\desktop\gamedev\gamelib2\debug\gamelib2.lib
c:\users\pauls\desktop\gamedev\gamelib2\.\debug\gamelib2.lib
c:\users\pauls\desktop\gamedev\gamelib2\debug\gamelib2.tlog\cl.command.1.tlog
c:\users\pauls\desktop\gamedev\gamelib2\debug\gamelib2.tlog\cl.read.1.tlog
c:\users\pauls\desktop\gamedev\gamelib2\debug\gamelib2.tlog\cl.write.1.tlog
c:\users\pauls\desktop\gamedev\gamelib2\debug\gamelib2.tlog\lib-link.read.1.tlog
c:\users\pauls\desktop\gamedev\gamelib2\debug\gamelib2.tlog\lib-link.write.1.tlog
c:\users\pauls\desktop\gamedev\gamelib2\debug\gamelib2.tlog\lib.command.1.tlog
